build/app/intermediates/manifest_merge_blame_file/release/manifest-merger-blame-release-report.txt
1<?xml version="1.0" encoding="utf-8"?>
2<manifest xmlns:android="http://schemas.android.com/apk/res/android"
3    package="com.aloit.lenden"
4    android:versionCode="5"
5    android:versionName="5.0.0" >
6
7    <uses-sdk
8        android:minSdkVersion="21"
8-->src/main/AndroidManifest.xml
9        android:targetSdkVersion="33" />
9-->src/main/AndroidManifest.xml
10
11    <uses-permission android:name="android.permission.INTERNET" />
11-->src/main/AndroidManifest.xml:3:6-68
11-->src/main/AndroidManifest.xml:3:23-65
12    <uses-permission android:name="android.permission.READ_CONTACTS" />
12-->src/main/AndroidManifest.xml:4:7-74
12-->src/main/AndroidManifest.xml:4:24-71
13    <uses-permission android:name="android.permission.WRITE_CONTACTS" />
13-->src/main/AndroidManifest.xml:5:1-69
13-->src/main/AndroidManifest.xml:5:18-66
14    <uses-permission android:name="android.permission.ACCESS_NETWORK_STATE" />
14-->src/main/AndroidManifest.xml:6:5-79
14-->src/main/AndroidManifest.xml:6:22-76
15    <uses-permission android:name="android.permission.WAKE_LOCK" /> <!-- Permissions options for the `notification` group -->
15-->[:firebase_messaging] AndroidManifest.xml:10:5-68
15-->[:firebase_messaging] AndroidManifest.xml:10:22-65
16    <uses-permission android:name="android.permission.POST_NOTIFICATIONS" />
16-->[:firebase_messaging] AndroidManifest.xml:13:5-77
16-->[:firebase_messaging] AndroidManifest.xml:13:22-74
17    <uses-permission android:name="android.permission.CAMERA" />
17-->[:flutter_barcode_scanner] AndroidManifest.xml:9:5-65
17-->[:flutter_barcode_scanner] AndroidManifest.xml:9:22-62
18
19    <uses-feature android:name="android.hardware.camera" />
19-->[:flutter_barcode_scanner] AndroidManifest.xml:11:5-60
19-->[:flutter_barcode_scanner] AndroidManifest.xml:11:19-57
20
21    <uses-permission android:name="android.permission.FLASHLIGHT" />
21-->[:flutter_barcode_scanner] AndroidManifest.xml:13:5-69
21-->[:flutter_barcode_scanner] AndroidManifest.xml:13:22-66
22    <uses-permission android:name="android.permission.RECEIVE_BOOT_COMPLETED" />
22-->[:flutter_local_notifications] AndroidManifest.xml:9:5-81
22-->[:flutter_local_notifications] AndroidManifest.xml:9:22-78
23    <uses-permission android:name="android.permission.VIBRATE" />
23-->[:flutter_local_notifications] AndroidManifest.xml:10:5-66
23-->[:flutter_local_notifications] AndroidManifest.xml:10:22-63
24    <uses-permission android:name="android.permission.USE_FULL_SCREEN_INTENT" />
24-->[:flutter_local_notifications] AndroidManifest.xml:11:5-81
24-->[:flutter_local_notifications] AndroidManifest.xml:11:22-78
25    <uses-permission android:name="android.permission.SCHEDULE_EXACT_ALARM" />
25-->[:flutter_local_notifications] AndroidManifest.xml:12:5-79
25-->[:flutter_local_notifications] AndroidManifest.xml:12:22-76
26
27    <queries>
27-->[:contacts_service] AndroidManifest.xml:9:5-22:15
28        <intent>
28-->[:contacts_service] AndroidManifest.xml:10:9-12:18
29            <action android:name="android.accounts.AccountAuthenticator" />
29-->[:contacts_service] AndroidManifest.xml:11:13-76
29-->[:contacts_service] AndroidManifest.xml:11:21-73
30        </intent>
31        <!-- Allows the app to load an icon corresponding to the custom MIME type. -->
32        <intent>
32-->[:contacts_service] AndroidManifest.xml:14:9-21:18
33            <action android:name="android.intent.action.VIEW" />
33-->[:contacts_service] AndroidManifest.xml:15:13-65
33-->[:contacts_service] AndroidManifest.xml:15:21-62
34
35            <data
35-->[:contacts_service] AndroidManifest.xml:17:13-20:44
36                android:host="com.android.contacts"
36-->[:contacts_service] AndroidManifest.xml:18:17-52
37                android:mimeType="vnd.android.cursor.item/*"
37-->[:contacts_service] AndroidManifest.xml:19:17-61
38                android:scheme="content" />
38-->[:contacts_service] AndroidManifest.xml:20:17-41
39        </intent>
40        <!-- For browser content -->
41        <intent>
41-->[com.google.android.gms:play-services-ads-lite:22.0.0] AndroidManifest.xml:35:9-41:18
42            <action android:name="android.intent.action.VIEW" />
42-->[:contacts_service] AndroidManifest.xml:15:13-65
42-->[:contacts_service] AndroidManifest.xml:15:21-62
43
44            <category android:name="android.intent.category.BROWSABLE" />
44-->[com.google.firebase:firebase-auth:22.1.0] AndroidManifest.xml:39:17-78
44-->[com.google.firebase:firebase-auth:22.1.0] AndroidManifest.xml:39:27-75
45
46            <data android:scheme="https" />
46-->[:contacts_service] AndroidManifest.xml:17:13-20:44
46-->[:contacts_service] AndroidManifest.xml:20:17-41
47        </intent> <!-- End of browser content -->
48        <!-- For CustomTabsService -->
49        <intent>
49-->[com.google.android.gms:play-services-ads-lite:22.0.0] AndroidManifest.xml:44:9-46:18
50            <action android:name="android.support.customtabs.action.CustomTabsService" />
50-->[com.google.android.gms:play-services-ads-lite:22.0.0] AndroidManifest.xml:45:13-90
50-->[com.google.android.gms:play-services-ads-lite:22.0.0] AndroidManifest.xml:45:21-87
51        </intent>
52    </queries> <!-- Required by older versions of Google Play services to create IID tokens -->
53    <uses-permission android:name="com.google.android.c2dm.permission.RECEIVE" />
53-->[com.google.firebase:firebase-iid:21.1.0] AndroidManifest.xml:26:5-82
53-->[com.google.firebase:firebase-iid:21.1.0] AndroidManifest.xml:26:22-79
54    <uses-permission android:name="com.google.android.gms.permission.AD_ID" />
54-->[com.google.android.gms:play-services-measurement-api:21.3.0] AndroidManifest.xml:25:5-79
54-->[com.google.android.gms:play-services-measurement-api:21.3.0] AndroidManifest.xml:25:22-76
55    <uses-permission android:name="com.google.android.finsky.permission.BIND_GET_INSTALL_REFERRER_SERVICE" />
55-->[com.google.android.gms:play-services-measurement:21.3.0] AndroidManifest.xml:26:5-110
55-->[com.google.android.gms:play-services-measurement:21.3.0] AndroidManifest.xml:26:22-107
56    <uses-permission android:name="android.permission.FOREGROUND_SERVICE" />
56-->[androidx.work:work-runtime:2.7.1] AndroidManifest.xml:28:5-77
56-->[androidx.work:work-runtime:2.7.1] AndroidManifest.xml:28:22-74
57
58    <permission
58-->[androidx.core:core:1.10.1] AndroidManifest.xml:22:5-24:47
59        android:name="com.aloit.lenden.DYNAMIC_RECEIVER_NOT_EXPORTED_PERMISSION"
59-->[androidx.core:core:1.10.1] AndroidManifest.xml:23:9-81
60        android:protectionLevel="signature" />
60-->[androidx.core:core:1.10.1] AndroidManifest.xml:24:9-44
61
62    <uses-permission android:name="com.aloit.lenden.DYNAMIC_RECEIVER_NOT_EXPORTED_PERMISSION" />
62-->[androidx.core:core:1.10.1] AndroidManifest.xml:26:5-97
62-->[androidx.core:core:1.10.1] AndroidManifest.xml:26:22-94
63
64    <application
65        android:name="android.app.Application"
65-->src/main/AndroidManifest.xml:10:9-42
66        android:appComponentFactory="androidx.core.app.CoreComponentFactory"
66-->[androidx.core:core:1.10.1] AndroidManifest.xml:28:18-86
67        android:icon="@mipmap/app_icon2"
67-->src/main/AndroidManifest.xml:11:9-41
68        android:label="Github-issue"
68-->src/main/AndroidManifest.xml:9:9-37
69        android:largeHeap="true"
69-->[:flutter_barcode_scanner] AndroidManifest.xml:16:9-33
70        android:theme="@style/Theme.AppCompat.NoActionBar" >
70-->[:flutter_barcode_scanner] AndroidManifest.xml:17:9-59
71        <activity
71-->src/main/AndroidManifest.xml:12:9-34:20
72            android:name="com.aloit.lenden.MainActivity"
72-->src/main/AndroidManifest.xml:13:13-41
73            android:configChanges="orientation|keyboardHidden|keyboard|screenSize|smallestScreenSize|locale|layoutDirection|fontScale|screenLayout|density|uiMode"
73-->src/main/AndroidManifest.xml:19:13-163
74            android:exported="true"
74-->src/main/AndroidManifest.xml:15:13-36
75            android:hardwareAccelerated="true"
75-->src/main/AndroidManifest.xml:20:13-47
76            android:launchMode="singleTop"
76-->src/main/AndroidManifest.xml:17:13-43
77            android:requestLegacyExternalStorage="true"
77-->src/main/AndroidManifest.xml:14:13-56
78            android:theme="@style/LaunchTheme"
78-->src/main/AndroidManifest.xml:18:13-47
79            android:usesCleartextTraffic="true"
79-->src/main/AndroidManifest.xml:16:13-48
80            android:windowSoftInputMode="adjustResize" >
80-->src/main/AndroidManifest.xml:21:13-55
81
82            <!--
83                 Specifies an Android theme to apply to this Activity as soon as
84                 the Android process has started. This theme is visible to the user
85                 while the Flutter UI initializes. After that, this theme continuesp
86                 to determine the Window background behind the Flutter UI.
87            -->
88            <meta-data
88-->src/main/AndroidManifest.xml:26:13-29:17
89                android:name="io.flutter.embedding.android.SplashScreenDrawable"
89-->src/main/AndroidManifest.xml:27:15-79
90                android:resource="@drawable/launch_background" />
90-->src/main/AndroidManifest.xml:28:15-61
91
92            <intent-filter>
92-->src/main/AndroidManifest.xml:30:13-33:29
93                <action android:name="android.intent.action.MAIN" />
93-->src/main/AndroidManifest.xml:31:17-68
93-->src/main/AndroidManifest.xml:31:25-66
94
95                <category android:name="android.intent.category.LAUNCHER" />
95-->src/main/AndroidManifest.xml:32:17-76
95-->src/main/AndroidManifest.xml:32:27-74
96            </intent-filter>
97        </activity>
98        <!--
99             Don't delete the meta-data below.
100             This is used by the Flutter tool to generate GeneratedPluginRegistrant.java
101        -->
102        <meta-data
102-->src/main/AndroidManifest.xml:37:9-39:33
103            android:name="flutterEmbedding"
103-->src/main/AndroidManifest.xml:38:13-44
104            android:value="2" />
104-->src/main/AndroidManifest.xml:39:13-30
105        <meta-data
105-->src/main/AndroidManifest.xml:42:14-44:70
106            android:name="com.google.android.gms.ads.APPLICATION_ID"
106-->src/main/AndroidManifest.xml:43:13-69
107            android:value="ca-app-pub-7851142933150959~5453642936" />
107-->src/main/AndroidManifest.xml:44:13-67
108
109        <service
109-->[:firebase_auth] AndroidManifest.xml:10:9-14:19
110            android:name="com.google.firebase.components.ComponentDiscoveryService"
110-->[:firebase_auth] AndroidManifest.xml:10:18-89
111            android:directBootAware="true"
111-->[com.google.firebase:firebase-common:20.3.3] AndroidManifest.xml:34:13-43
112            android:exported="false" >
112-->[com.google.firebase:firebase-analytics-ktx:21.3.0] AndroidManifest.xml:10:13-37
113            <meta-data
113-->[:firebase_auth] AndroidManifest.xml:11:13-13:85
114                android:name="com.google.firebase.components:io.flutter.plugins.firebase.auth.FlutterFirebaseAuthRegistrar"
114-->[:firebase_auth] AndroidManifest.xml:12:17-124
115                android:value="com.google.firebase.components.ComponentRegistrar" />
115-->[:firebase_auth] AndroidManifest.xml:13:17-82
116            <meta-data
116-->[:firebase_messaging] AndroidManifest.xml:38:13-40:85
117                android:name="com.google.firebase.components:io.flutter.plugins.firebase.messaging.FlutterFirebaseAppRegistrar"
117-->[:firebase_messaging] AndroidManifest.xml:39:17-128
118                android:value="com.google.firebase.components.ComponentRegistrar" />
118-->[:firebase_messaging] AndroidManifest.xml:40:17-82
119            <meta-data
119-->[:firebase_core] AndroidManifest.xml:11:13-13:85
120                android:name="com.google.firebase.components:io.flutter.plugins.firebase.core.FlutterFirebaseCoreRegistrar"
120-->[:firebase_core] AndroidManifest.xml:12:17-124
121                android:value="com.google.firebase.components.ComponentRegistrar" />
121-->[:firebase_core] AndroidManifest.xml:13:17-82
122            <meta-data
122-->[com.google.firebase:firebase-analytics-ktx:21.3.0] AndroidManifest.xml:11:13-13:85
123                android:name="com.google.firebase.components:com.google.firebase.analytics.ktx.FirebaseAnalyticsKtxRegistrar"
123-->[com.google.firebase:firebase-analytics-ktx:21.3.0] AndroidManifest.xml:12:17-126
124                android:value="com.google.firebase.components.ComponentRegistrar" />
124-->[com.google.firebase:firebase-analytics-ktx:21.3.0] AndroidManifest.xml:13:17-82
125            <meta-data
125-->[com.google.firebase:firebase-auth-ktx:22.1.0] AndroidManifest.xml:11:13-13:85
126                android:name="com.google.firebase.components:com.google.firebase.auth.ktx.FirebaseAuthKtxRegistrar"
126-->[com.google.firebase:firebase-auth-ktx:22.1.0] AndroidManifest.xml:12:17-116
127                android:value="com.google.firebase.components.ComponentRegistrar" />
127-->[com.google.firebase:firebase-auth-ktx:22.1.0] AndroidManifest.xml:13:17-82
128            <meta-data
128-->[com.google.firebase:firebase-common-ktx:20.3.3] AndroidManifest.xml:14:13-16:85
129                android:name="com.google.firebase.components:com.google.firebase.ktx.FirebaseCommonKtxRegistrar"
129-->[com.google.firebase:firebase-common-ktx:20.3.3] AndroidManifest.xml:15:17-113
130                android:value="com.google.firebase.components.ComponentRegistrar" />
130-->[com.google.firebase:firebase-common-ktx:20.3.3] AndroidManifest.xml:16:17-82
131            <meta-data
131-->[com.google.firebase:firebase-auth:22.1.0] AndroidManifest.xml:69:13-71:85
132                android:name="com.google.firebase.components:com.google.firebase.auth.FirebaseAuthRegistrar"
132-->[com.google.firebase:firebase-auth:22.1.0] AndroidManifest.xml:70:17-109
133                android:value="com.google.firebase.components.ComponentRegistrar" />
133-->[com.google.firebase:firebase-auth:22.1.0] AndroidManifest.xml:71:17-82
134            <meta-data
134-->[com.google.firebase:firebase-iid:21.1.0] AndroidManifest.xml:32:13-34:85
135                android:name="com.google.firebase.components:com.google.firebase.iid.Registrar"
135-->[com.google.firebase:firebase-iid:21.1.0] AndroidManifest.xml:33:17-96
136                android:value="com.google.firebase.components.ComponentRegistrar" />
136-->[com.google.firebase:firebase-iid:21.1.0] AndroidManifest.xml:34:17-82
137            <meta-data
137-->[com.google.firebase:firebase-messaging:23.2.0] AndroidManifest.xml:55:13-57:85
138                android:name="com.google.firebase.components:com.google.firebase.messaging.FirebaseMessagingRegistrar"
138-->[com.google.firebase:firebase-messaging:23.2.0] AndroidManifest.xml:56:17-119
139                android:value="com.google.firebase.components.ComponentRegistrar" />
139-->[com.google.firebase:firebase-messaging:23.2.0] AndroidManifest.xml:57:17-82
140            <meta-data
140-->[com.google.android.gms:play-services-measurement-api:21.3.0] AndroidManifest.xml:31:13-33:85
141                android:name="com.google.firebase.components:com.google.firebase.analytics.connector.internal.AnalyticsConnectorRegistrar"
141-->[com.google.android.gms:play-services-measurement-api:21.3.0] AndroidManifest.xml:32:17-139
142                android:value="com.google.firebase.components.ComponentRegistrar" />
142-->[com.google.android.gms:play-services-measurement-api:21.3.0] AndroidManifest.xml:33:17-82
143            <meta-data
143-->[com.google.firebase:firebase-installations:17.1.3] AndroidManifest.xml:17:13-19:85
144                android:name="com.google.firebase.components:com.google.firebase.installations.FirebaseInstallationsRegistrar"
144-->[com.google.firebase:firebase-installations:17.1.3] AndroidManifest.xml:18:17-127
145                android:value="com.google.firebase.components.ComponentRegistrar" />
145-->[com.google.firebase:firebase-installations:17.1.3] AndroidManifest.xml:19:17-82
146            <meta-data
146-->[com.google.firebase:firebase-datatransport:18.1.7] AndroidManifest.xml:27:13-29:85
147                android:name="com.google.firebase.components:com.google.firebase.datatransport.TransportRegistrar"
147-->[com.google.firebase:firebase-datatransport:18.1.7] AndroidManifest.xml:28:17-115
148                android:value="com.google.firebase.components.ComponentRegistrar" />
148-->[com.google.firebase:firebase-datatransport:18.1.7] AndroidManifest.xml:29:17-82
149        </service>
150        <service
150-->[:firebase_messaging] AndroidManifest.xml:16:9-19:72
151            android:name="io.flutter.plugins.firebase.messaging.FlutterFirebaseMessagingBackgroundService"
151-->[:firebase_messaging] AndroidManifest.xml:17:13-107
152            android:exported="false"
152-->[:firebase_messaging] AndroidManifest.xml:18:13-37
153            android:permission="android.permission.BIND_JOB_SERVICE" />
153-->[:firebase_messaging] AndroidManifest.xml:19:13-69
154        <service
154-->[:firebase_messaging] AndroidManifest.xml:20:9-26:19
155            android:name="io.flutter.plugins.firebase.messaging.FlutterFirebaseMessagingService"
155-->[:firebase_messaging] AndroidManifest.xml:21:13-97
156            android:exported="false" >
156-->[:firebase_messaging] AndroidManifest.xml:22:13-37
157            <intent-filter>
157-->[:firebase_messaging] AndroidManifest.xml:23:13-25:29
158                <action android:name="com.google.firebase.MESSAGING_EVENT" />
158-->[:firebase_messaging] AndroidManifest.xml:24:17-78
158-->[:firebase_messaging] AndroidManifest.xml:24:25-75
159            </intent-filter>
160        </service>
161
162        <receiver
162-->[:firebase_messaging] AndroidManifest.xml:28:9-35:20
163            android:name="io.flutter.plugins.firebase.messaging.FlutterFirebaseMessagingReceiver"
163-->[:firebase_messaging] AndroidManifest.xml:29:13-98
164            android:exported="true"
164-->[:firebase_messaging] AndroidManifest.xml:30:13-36
165            android:permission="com.google.android.c2dm.permission.SEND" >
165-->[:firebase_messaging] AndroidManifest.xml:31:13-73
166            <intent-filter>
166-->[:firebase_messaging] AndroidManifest.xml:32:13-34:29
167                <action android:name="com.google.android.c2dm.intent.RECEIVE" />
167-->[:firebase_messaging] AndroidManifest.xml:33:17-81
167-->[:firebase_messaging] AndroidManifest.xml:33:25-78
168            </intent-filter>
169        </receiver>
170
171        <provider
171-->[:firebase_messaging] AndroidManifest.xml:43:9-47:38
172            android:name="io.flutter.plugins.firebase.messaging.FlutterFirebaseMessagingInitProvider"
172-->[:firebase_messaging] AndroidManifest.xml:44:13-102
173            android:authorities="com.aloit.lenden.flutterfirebasemessaginginitprovider"
173-->[:firebase_messaging] AndroidManifest.xml:45:13-88
174            android:exported="false"
174-->[:firebase_messaging] AndroidManifest.xml:46:13-37
175            android:initOrder="99" />
175-->[:firebase_messaging] AndroidManifest.xml:47:13-35
176
177        <activity android:name="com.amolg.flutterbarcodescanner.BarcodeCaptureActivity" />
177-->[:flutter_barcode_scanner] AndroidManifest.xml:18:9-91
177-->[:flutter_barcode_scanner] AndroidManifest.xml:18:19-88
178
179        <provider
179-->[:image_picker_android] AndroidManifest.xml:10:9-18:20
180            android:name="io.flutter.plugins.imagepicker.ImagePickerFileProvider"
180-->[:image_picker_android] AndroidManifest.xml:11:13-82
181            android:authorities="com.aloit.lenden.flutter.image_provider"
181-->[:image_picker_android] AndroidManifest.xml:12:13-74
182            android:exported="false"
182-->[:image_picker_android] AndroidManifest.xml:13:13-37
183            android:grantUriPermissions="true" >
183-->[:image_picker_android] AndroidManifest.xml:14:13-47
184            <meta-data
184-->[:image_picker_android] AndroidManifest.xml:15:13-17:75
185                android:name="android.support.FILE_PROVIDER_PATHS"
185-->[:image_picker_android] AndroidManifest.xml:16:17-67
186                android:resource="@xml/flutter_image_picker_file_paths" />
186-->[:image_picker_android] AndroidManifest.xml:17:17-72
187        </provider>
188
189        <receiver
189-->[:flutter_local_notifications] AndroidManifest.xml:16:9-18:40
190            android:name="com.dexterous.flutterlocalnotifications.ActionBroadcastReceiver"
190-->[:flutter_local_notifications] AndroidManifest.xml:17:13-91
191            android:exported="false" />
191-->[:flutter_local_notifications] AndroidManifest.xml:18:13-37
192        <receiver
192-->[:flutter_local_notifications] AndroidManifest.xml:19:9-21:40
193            android:name="com.dexterous.flutterlocalnotifications.ScheduledNotificationReceiver"
193-->[:flutter_local_notifications] AndroidManifest.xml:20:13-97
194            android:exported="false" />
194-->[:flutter_local_notifications] AndroidManifest.xml:21:13-37
195        <receiver
195-->[:flutter_local_notifications] AndroidManifest.xml:22:9-31:20
196            android:name="com.dexterous.flutterlocalnotifications.ScheduledNotificationBootReceiver"
196-->[:flutter_local_notifications] AndroidManifest.xml:23:13-101
197            android:exported="false" >
197-->[:flutter_local_notifications] AndroidManifest.xml:24:13-37
198            <intent-filter>
198-->[:flutter_local_notifications] AndroidManifest.xml:25:13-30:29
199                <action android:name="android.intent.action.BOOT_COMPLETED" />
199-->[:flutter_local_notifications] AndroidManifest.xml:26:17-79
199-->[:flutter_local_notifications] AndroidManifest.xml:26:25-76
200                <action android:name="android.intent.action.MY_PACKAGE_REPLACED" />
200-->[:flutter_local_notifications] AndroidManifest.xml:27:17-84
200-->[:flutter_local_notifications] AndroidManifest.xml:27:25-81
201                <action android:name="android.intent.action.QUICKBOOT_POWERON" />
201-->[:flutter_local_notifications] AndroidManifest.xml:28:17-82
201-->[:flutter_local_notifications] AndroidManifest.xml:28:25-79
202                <action android:name="com.htc.intent.action.QUICKBOOT_POWERON" />
202-->[:flutter_local_notifications] AndroidManifest.xml:29:17-82
202-->[:flutter_local_notifications] AndroidManifest.xml:29:25-79
203            </intent-filter>
204        </receiver>
205
206        <activity
206-->[:url_launcher_android] AndroidManifest.xml:10:9-13:74
207            android:name="io.flutter.plugins.urllauncher.WebViewActivity"
207-->[:url_launcher_android] AndroidManifest.xml:11:13-74
208            android:exported="false"
208-->[:url_launcher_android] AndroidManifest.xml:12:13-37
209            android:theme="@android:style/Theme.NoTitleBar.Fullscreen" />
209-->[:url_launcher_android] AndroidManifest.xml:13:13-71
210
211        <meta-data
211-->[:google_mobile_ads] AndroidManifest.xml:12:9-14:36
212            android:name="io.flutter.embedded_views_preview"
212-->[:google_mobile_ads] AndroidManifest.xml:13:13-61
213            android:value="true" />
213-->[:google_mobile_ads] AndroidManifest.xml:14:13-33
214
215        <activity
215-->[com.google.firebase:firebase-auth:22.1.0] AndroidManifest.xml:29:9-46:20
216            android:name="com.google.firebase.auth.internal.GenericIdpActivity"
216-->[com.google.firebase:firebase-auth:22.1.0] AndroidManifest.xml:30:13-80
217            android:excludeFromRecents="true"
217-->[com.google.firebase:firebase-auth:22.1.0] AndroidManifest.xml:31:13-46
218            android:exported="true"
218-->[com.google.firebase:firebase-auth:22.1.0] AndroidManifest.xml:32:13-36
219            android:launchMode="singleTask"
219-->[com.google.firebase:firebase-auth:22.1.0] AndroidManifest.xml:33:13-44
220            android:theme="@android:style/Theme.Translucent.NoTitleBar" >
220-->[com.google.firebase:firebase-auth:22.1.0] AndroidManifest.xml:34:13-72
221            <intent-filter>
221-->[com.google.firebase:firebase-auth:22.1.0] AndroidManifest.xml:35:13-45:29
222                <action android:name="android.intent.action.VIEW" />
222-->[:contacts_service] AndroidManifest.xml:15:13-65
222-->[:contacts_service] AndroidManifest.xml:15:21-62
223
224                <category android:name="android.intent.category.DEFAULT" />
224-->[com.google.firebase:firebase-auth:22.1.0] AndroidManifest.xml:38:17-76
224-->[com.google.firebase:firebase-auth:22.1.0] AndroidManifest.xml:38:27-73
225                <category android:name="android.intent.category.BROWSABLE" />
225-->[com.google.firebase:firebase-auth:22.1.0] AndroidManifest.xml:39:17-78
225-->[com.google.firebase:firebase-auth:22.1.0] AndroidManifest.xml:39:27-75
226
227                <data
227-->[:contacts_service] AndroidManifest.xml:17:13-20:44
228                    android:host="firebase.auth"
228-->[:contacts_service] AndroidManifest.xml:18:17-52
229                    android:path="/"
230                    android:scheme="genericidp" />
230-->[:contacts_service] AndroidManifest.xml:20:17-41
231            </intent-filter>
232        </activity>
233        <activity
233-->[com.google.firebase:firebase-auth:22.1.0] AndroidManifest.xml:47:9-64:20
234            android:name="com.google.firebase.auth.internal.RecaptchaActivity"
234-->[com.google.firebase:firebase-auth:22.1.0] AndroidManifest.xml:48:13-79
235            android:excludeFromRecents="true"
235-->[com.google.firebase:firebase-auth:22.1.0] AndroidManifest.xml:49:13-46
236            android:exported="true"
236-->[com.google.firebase:firebase-auth:22.1.0] AndroidManifest.xml:50:13-36
237            android:launchMode="singleTask"
237-->[com.google.firebase:firebase-auth:22.1.0] AndroidManifest.xml:51:13-44
238            android:theme="@android:style/Theme.Translucent.NoTitleBar" >
238-->[com.google.firebase:firebase-auth:22.1.0] AndroidManifest.xml:52:13-72
239            <intent-filter>
239-->[com.google.firebase:firebase-auth:22.1.0] AndroidManifest.xml:53:13-63:29
240                <action android:name="android.intent.action.VIEW" />
240-->[:contacts_service] AndroidManifest.xml:15:13-65
240-->[:contacts_service] AndroidManifest.xml:15:21-62
241
242                <category android:name="android.intent.category.DEFAULT" />
242-->[com.google.firebase:firebase-auth:22.1.0] AndroidManifest.xml:38:17-76
242-->[com.google.firebase:firebase-auth:22.1.0] AndroidManifest.xml:38:27-73
243                <category android:name="android.intent.category.BROWSABLE" />
243-->[com.google.firebase:firebase-auth:22.1.0] AndroidManifest.xml:39:17-78
243-->[com.google.firebase:firebase-auth:22.1.0] AndroidManifest.xml:39:27-75
244
245                <data
245-->[:contacts_service] AndroidManifest.xml:17:13-20:44
246                    android:host="firebase.auth"
246-->[:contacts_service] AndroidManifest.xml:18:17-52
247                    android:path="/"
248                    android:scheme="recaptcha" />
248-->[:contacts_service] AndroidManifest.xml:20:17-41
249            </intent-filter>
250        </activity>
251
252        <receiver
252-->[com.google.firebase:firebase-messaging:23.2.0] AndroidManifest.xml:31:9-38:20
253            android:name="com.google.firebase.iid.FirebaseInstanceIdReceiver"
253-->[com.google.firebase:firebase-messaging:23.2.0] AndroidManifest.xml:32:13-78
254            android:exported="true"
254-->[com.google.firebase:firebase-messaging:23.2.0] AndroidManifest.xml:33:13-36
255            android:permission="com.google.android.c2dm.permission.SEND" >
255-->[com.google.firebase:firebase-messaging:23.2.0] AndroidManifest.xml:34:13-73
256            <intent-filter>
256-->[:firebase_messaging] AndroidManifest.xml:32:13-34:29
257                <action android:name="com.google.android.c2dm.intent.RECEIVE" />
257-->[:firebase_messaging] AndroidManifest.xml:33:17-81
257-->[:firebase_messaging] AndroidManifest.xml:33:25-78
258            </intent-filter>
259        </receiver>
260        <!--
261             FirebaseMessagingService performs security checks at runtime,
262             but set to not exported to explicitly avoid allowing another app to call it.
263        -->
264        <service
264-->[com.google.firebase:firebase-messaging:23.2.0] AndroidManifest.xml:44:9-51:19
265            android:name="com.google.firebase.messaging.FirebaseMessagingService"
265-->[com.google.firebase:firebase-messaging:23.2.0] AndroidManifest.xml:45:13-82
266            android:directBootAware="true"
266-->[com.google.firebase:firebase-messaging:23.2.0] AndroidManifest.xml:46:13-43
267            android:exported="false" >
267-->[com.google.firebase:firebase-messaging:23.2.0] AndroidManifest.xml:47:13-37
268            <intent-filter android:priority="-500" >
268-->[:firebase_messaging] AndroidManifest.xml:23:13-25:29
269                <action android:name="com.google.firebase.MESSAGING_EVENT" />
269-->[:firebase_messaging] AndroidManifest.xml:24:17-78
269-->[:firebase_messaging] AndroidManifest.xml:24:25-75
270            </intent-filter>
271        </service>
272
273        <provider
273-->[com.google.firebase:firebase-common:20.3.3] AndroidManifest.xml:25:9-30:39
274            android:name="com.google.firebase.provider.FirebaseInitProvider"
274-->[com.google.firebase:firebase-common:20.3.3] AndroidManifest.xml:26:13-77
275            android:authorities="com.aloit.lenden.firebaseinitprovider"
275-->[com.google.firebase:firebase-common:20.3.3] AndroidManifest.xml:27:13-72
276            android:directBootAware="true"
276-->[com.google.firebase:firebase-common:20.3.3] AndroidManifest.xml:28:13-43
277            android:exported="false"
277-->[com.google.firebase:firebase-common:20.3.3] AndroidManifest.xml:29:13-37
278            android:initOrder="100" />
278-->[com.google.firebase:firebase-common:20.3.3] AndroidManifest.xml:30:13-36
279
280        <activity
280-->[com.google.android.gms:play-services-base:18.0.1] AndroidManifest.xml:20:9-22:45
281            android:name="com.google.android.gms.common.api.GoogleApiActivity"